c:\users\student.hal\source\repos\kf6017\kf6017\debug\vc142.pdb
c:\users\student.hal\source\repos\kf6017\kf6017\debug\vc142.idb
c:\users\student.hal\source\repos\kf6017\kf6017\debug\myinputs.obj
c:\users\student.hal\source\repos\kf6017\kf6017\debug\gametimer.obj
c:\users\student.hal\source\repos\kf6017\kf6017\debug\wincode.obj
c:\users\student.hal\source\repos\kf6017\kf6017\debug\w1.obj
c:\users\student.hal\source\repos\kf6017\kf6017\debug\w1character.obj
c:\users\student.hal\source\repos\kf6017\kf6017\debug\vector2d.obj
c:\users\student.hal\source\repos\kf6017\kf6017\debug\shapes.obj
c:\users\student.hal\source\repos\kf6017\kf6017\debug\mysoundengine.obj
c:\users\student.hal\source\repos\kf6017\kf6017\debug\mydrawengine.obj
c:\users\student.hal\source\repos\kf6017\kf6017\debug\gamecode.obj
c:\users\student.hal\source\repos\kf6017\kf6017\debug\errorlogger.obj
c:\users\student.hal\source\repos\kf6017\kf6017\debug\camera.obj
c:\users\student.hal\source\repos\kf6017\debug\kf6017.exe
c:\users\student.hal\source\repos\kf6017\kf6017\debug\kf6017.ilk
c:\users\student.hal\source\repos\kf6017\debug\kf6017.pdb
c:\users\student.hal\source\repos\kf6017\kf6017\debug\character.obj
c:\users\student.hal\source\repos\kf6017\kf6017\debug\kf6017.obj
c:\users\student.hal\source\repos\kf6017\kf6017\debug\kf6017.tlog\cl.command.1.tlog
c:\users\student.hal\source\repos\kf6017\kf6017\debug\kf6017.tlog\cl.read.1.tlog
c:\users\student.hal\source\repos\kf6017\kf6017\debug\kf6017.tlog\cl.write.1.tlog
c:\users\student.hal\source\repos\kf6017\kf6017\debug\kf6017.tlog\link.command.1.tlog
c:\users\student.hal\source\repos\kf6017\kf6017\debug\kf6017.tlog\link.read.1.tlog
c:\users\student.hal\source\repos\kf6017\kf6017\debug\kf6017.tlog\link.write.1.tlog
